2012.09.29 17:06 B e:\sviluppo\sitiweb\cambusa\jqdesktop\assets\images\icons\Thumbs.db --> ftplnx.rudyz.net /www.rudyz.net/cambusa/jqdesktop/assets/images/icons Thumbs.db
2012.09.29 17:06 B e:\sviluppo\sitiweb\cambusa\jqdesktop\assets\images\icons\icon_32_network.png --> ftplnx.rudyz.net /www.rudyz.net/cambusa/jqdesktop/assets/images/icons icon_32_network.png
2012.09.29 17:06 B e:\sviluppo\sitiweb\cambusa\jqdesktop\assets\images\icons\icon_32_drive.png --> ftplnx.rudyz.net /www.rudyz.net/cambusa/jqdesktop/assets/images/icons icon_32_drive.png
2012.09.29 17:06 B e:\sviluppo\sitiweb\cambusa\jqdesktop\assets\images\icons\icon_32_disc.png --> ftplnx.rudyz.net /www.rudyz.net/cambusa/jqdesktop/assets/images/icons icon_32_disc.png
2012.09.29 17:06 B e:\sviluppo\sitiweb\cambusa\jqdesktop\assets\images\icons\icon_32_computer.png --> ftplnx.rudyz.net /www.rudyz.net/cambusa/jqdesktop/assets/images/icons icon_32_computer.png
2012.09.29 17:06 B e:\sviluppo\sitiweb\cambusa\jqdesktop\assets\images\icons\icon_22_recycle.png --> ftplnx.rudyz.net /www.rudyz.net/cambusa/jqdesktop/assets/images/icons icon_22_recycle.png
2012.09.29 17:06 B e:\sviluppo\sitiweb\cambusa\jqdesktop\assets\images\icons\icon_22_network.png --> ftplnx.rudyz.net /www.rudyz.net/cambusa/jqdesktop/assets/images/icons icon_22_network.png
2012.09.29 17:06 B e:\sviluppo\sitiweb\cambusa\jqdesktop\assets\images\icons\icon_22_drive.png --> ftplnx.rudyz.net /www.rudyz.net/cambusa/jqdesktop/assets/images/icons icon_22_drive.png
2012.09.29 17:06 B e:\sviluppo\sitiweb\cambusa\jqdesktop\assets\images\icons\icon_22_disc.png --> ftplnx.rudyz.net /www.rudyz.net/cambusa/jqdesktop/assets/images/icons icon_22_disc.png
2012.09.29 17:06 B e:\sviluppo\sitiweb\cambusa\jqdesktop\assets\images\icons\icon_22_desktop.png --> ftplnx.rudyz.net /www.rudyz.net/cambusa/jqdesktop/assets/images/icons icon_22_desktop.png
2012.09.29 17:06 B e:\sviluppo\sitiweb\cambusa\jqdesktop\assets\images\icons\icon_22_computer.png --> ftplnx.rudyz.net /www.rudyz.net/cambusa/jqdesktop/assets/images/icons icon_22_computer.png
2012.09.29 17:06 B e:\sviluppo\sitiweb\cambusa\jqdesktop\assets\images\icons\icon_16_vpn.png --> ftplnx.rudyz.net /www.rudyz.net/cambusa/jqdesktop/assets/images/icons icon_16_vpn.png
2012.09.29 17:06 B e:\sviluppo\sitiweb\cambusa\jqdesktop\assets\images\icons\icon_16_trash.png --> ftplnx.rudyz.net /www.rudyz.net/cambusa/jqdesktop/assets/images/icons icon_16_trash.png
2012.09.29 17:06 B e:\sviluppo\sitiweb\cambusa\jqdesktop\assets\images\icons\icon_16_system.png --> ftplnx.rudyz.net /www.rudyz.net/cambusa/jqdesktop/assets/images/icons icon_16_system.png
2012.09.29 17:06 B e:\sviluppo\sitiweb\cambusa\jqdesktop\assets\images\icons\icon_16_server.png --> ftplnx.rudyz.net /www.rudyz.net/cambusa/jqdesktop/assets/images/icons icon_16_server.png
2012.09.29 17:06 B e:\sviluppo\sitiweb\cambusa\jqdesktop\assets\images\icons\icon_16_photo.png --> ftplnx.rudyz.net /www.rudyz.net/cambusa/jqdesktop/assets/images/icons icon_16_photo.png
2012.09.29 17:06 B e:\sviluppo\sitiweb\cambusa\jqdesktop\assets\images\icons\icon_16_page.png --> ftplnx.rudyz.net /www.rudyz.net/cambusa/jqdesktop/assets/images/icons icon_16_page.png
2012.09.29 17:06 B e:\sviluppo\sitiweb\cambusa\jqdesktop\assets\images\icons\icon_16_network.png --> ftplnx.rudyz.net /www.rudyz.net/cambusa/jqdesktop/assets/images/icons icon_16_network.png
2012.09.29 17:06 B e:\sviluppo\sitiweb\cambusa\jqdesktop\assets\images\icons\icon_16_music.png --> ftplnx.rudyz.net /www.rudyz.net/cambusa/jqdesktop/assets/images/icons icon_16_music.png
2012.09.29 17:06 B e:\sviluppo\sitiweb\cambusa\jqdesktop\assets\images\icons\icon_16_folder_remote.png --> ftplnx.rudyz.net /www.rudyz.net/cambusa/jqdesktop/assets/images/icons icon_16_folder_remote.png
2012.09.29 17:06 B e:\sviluppo\sitiweb\cambusa\jqdesktop\assets\images\icons\icon_16_folder_home.png --> ftplnx.rudyz.net /www.rudyz.net/cambusa/jqdesktop/assets/images/icons icon_16_folder_home.png
2012.09.29 17:06 B e:\sviluppo\sitiweb\cambusa\jqdesktop\assets\images\icons\icon_16_folder.png --> ftplnx.rudyz.net /www.rudyz.net/cambusa/jqdesktop/assets/images/icons icon_16_folder.png
2012.09.29 17:06 B e:\sviluppo\sitiweb\cambusa\jqdesktop\assets\images\icons\icon_16_drive.png --> ftplnx.rudyz.net /www.rudyz.net/cambusa/jqdesktop/assets/images/icons icon_16_drive.png
2012.09.29 17:06 B e:\sviluppo\sitiweb\cambusa\jqdesktop\assets\images\icons\icon_16_documents.png --> ftplnx.rudyz.net /www.rudyz.net/cambusa/jqdesktop/assets/images/icons icon_16_documents.png
2012.09.29 17:06 B e:\sviluppo\sitiweb\cambusa\jqdesktop\assets\images\icons\icon_16_disc.png --> ftplnx.rudyz.net /www.rudyz.net/cambusa/jqdesktop/assets/images/icons icon_16_disc.png
2012.09.29 17:06 B e:\sviluppo\sitiweb\cambusa\jqdesktop\assets\images\icons\icon_16_computer.png --> ftplnx.rudyz.net /www.rudyz.net/cambusa/jqdesktop/assets/images/icons icon_16_computer.png
